12:25:17 **** Incremental Build of configuration Debug for project Prototype ****
make all 
make: Nothing to be done for `all'.
12:25:53 **** Incremental Build of configuration Debug for project Prototype ****
make all 
make: Nothing to be done for `all'.
12:26:42 **** Clean-only build of configuration Release for project Prototype ****
make clean 
rm -rf  ./src/GameObject.o ./src/Prototype.o  ./src/GameObject.d ./src/Prototype.d  Prototype
 
12:26:42 **** Incremental Build of configuration Release for project Prototype ****
make all 
Building file: ../src/GameObject.cpp
Invoking: GCC C++ Compiler
g++ -I"/home/enzo/projects/teste_2/Prototype/Prototype" -O3 -Wall -c -fmessage-length=0 -MMD -MP -MF"src/GameObject.d" -MT"src/GameObject.d" -o "src/GameObject.o" "../src/GameObject.cpp"
Finished building: ../src/GameObject.cpp
 
Building file: ../src/Prototype.cpp
Invoking: GCC C++ Compiler
g++ -I"/home/enzo/projects/teste_2/Prototype/Prototype" -O3 -Wall -c -fmessage-length=0 -MMD -MP -MF"src/Prototype.d" -MT"src/Prototype.d" -o "src/Prototype.o" "../src/Prototype.cpp"
Finished building: ../src/Prototype.cpp
 
Building target: Prototype
Invoking: GCC C++ Linker
g++  -o "Prototype"  ./src/GameObject.o ./src/Prototype.o   
Finished building target: Prototype
 
