<<<<<<< HEAD
12:26:42 **** Incremental Build of configuration Release for project Prototype ****
=======
09:51:05 **** Incremental Build of configuration Debug for project Prototype ****
>>>>>>> game_states
make all 
Building file: ../src/states/GameRunState.cpp
Invoking: GCC C++ Compiler
<<<<<<< HEAD
g++ -I"/home/enzo/projects/teste_2/Prototype/Prototype" -O3 -Wall -c -fmessage-length=0 -MMD -MP -MF"src/GameObject.d" -MT"src/GameObject.d" -o "src/GameObject.o" "../src/GameObject.cpp"
Finished building: ../src/GameObject.cpp
 
Building file: ../src/Prototype.cpp
Invoking: GCC C++ Compiler
g++ -I"/home/enzo/projects/teste_2/Prototype/Prototype" -O3 -Wall -c -fmessage-length=0 -MMD -MP -MF"src/Prototype.d" -MT"src/Prototype.d" -o "src/Prototype.o" "../src/Prototype.cpp"
Finished building: ../src/Prototype.cpp
=======
g++ -I"/home/enzo/projects/teste/Prototype/Prototype" -O0 -g3 -Wall -c -fmessage-length=0 -MMD -MP -MF"src/states/GameRunState.d" -MT"src/states/GameRunState.d" -o "src/states/GameRunState.o" "../src/states/GameRunState.cpp"
Finished building: ../src/states/GameRunState.cpp
>>>>>>> game_states
 
Building target: Prototype
Invoking: GCC C++ Linker
g++  -o "Prototype"  ./src/states/GameInitState.o ./src/states/GameRunState.o ./src/states/GameStateManager.o  ./src/GameObject.o ./src/Prototype.o   
Finished building target: Prototype
 

<<<<<<< HEAD
12:26:43 Build Finished (took 541ms)
=======
09:51:05 Build Finished (took 264ms)
>>>>>>> game_states

